<?xml version='1.0' encoding='UTF-8'?>
<testsuite hostname="lean13" name="jsonprocessor.JsonProcessorTest" tests="6" errors="0" failures="0" skipped="0" time="0.018" timestamp="2024-10-27T20:12:53">
          <properties>
[...]
</properties>
          <testcase classname="jsonprocessor.JsonProcessorTest" name="addKey should add a new key-value pair at the specified path" time="0.013">
                      
                    </testcase><testcase classname="jsonprocessor.JsonProcessorTest" name="addItem should add a new item to the specified array path" time="0.001">
                      
                    </testcase><testcase classname="jsonprocessor.JsonProcessorTest" name="edit should update the value at the specified path" time="0.001">
                      
                    </testcase><testcase classname="jsonprocessor.JsonProcessorTest" name="get should return the value at the specified path" time="0.001">
                      
                    </testcase><testcase classname="jsonprocessor.JsonProcessorTest" name="existsKey should return true if the key exists in the root" time="0.001">
                      
                    </testcase><testcase classname="jsonprocessor.JsonProcessorTest" name="existsKey should return false if the key does not exist in the root" time="0.001">
                      
                    </testcase>
          <system-out><![CDATA[]]></system-out>
          <system-err><![CDATA[]]></system-err>
        </testsuite>